2025-02-26 16:01:07 - Step0. === Step0.=== 参数配置如下
2025-02-26 16:01:07 - DATASET_PATH : dataset/
2025-02-26 16:01:07 - 特征提取方法   : hog
2025-02-26 16:01:07 - LSH表数量     : 20
2025-02-26 16:01:07 - LSH表大小     : 12
2025-02-26 16:01:07 - Annoy 树数量  : 10
2025-02-26 16:01:07 - 是否存在查询   : dataset/5/5_512.jpg
2025-02-26 16:01:07 - Step1. 开始进行数据加载
2025-02-26 16:01:07 - Step2. 开始进行特征提取
2025-02-26 16:01:19 - Step3. 开始进行 ICERAY · LSH 索引构建
2025-02-26 16:01:20 - Step4. 开始进行 Annoy-LSH 索引构建
2025-02-26 16:01:21 - Step5. 开始进行 ICERAY · System 评估
2025-02-26 16:01:26 - Step6. 开始进行 Annoy-LSH 评估
2025-02-26 16:01:27 - Custom LSH Rank@5 Accuracy: 0.1700
2025-02-26 16:01:27 - Annoy LSH Rank@5 Accuracy: 0.1840
2025-02-26 16:01:27 - Done!
2025-02-26 16:01:27 - Step7. 开始处理用户查询: dataset/5/5_512.jpg
2025-02-26 16:01:27 - 成功检索到 10 张，由 ICERAY · LSH 索引进行相似图片
2025-02-26 16:01:27 - 自定义·检索到的文件名：['5_512.jpg', '5_510.jpg', '79_7976.jpg', '5_560.jpg', '90_9093.jpg', '80_8033.jpg', '62_6203.jpg', '30_3072.jpg', '90_9092.jpg', '90_9036.jpg']
2025-02-26 16:01:46 - 成功检索到 10 张，由 Annoy · LSH 索引进行相似图片
2025-02-26 16:01:46 - Annoy·检索到的文件名：['5_512.jpg', '5_510.jpg', '32_3238.jpg', '79_7976.jpg', '5_560.jpg', '90_9093.jpg', '80_8033.jpg', '76_7652.jpg', '62_6203.jpg', '30_3072.jpg']
