2025-03-10 21:51:34 - Step0. === Step0.=== 参数配置如下
2025-03-10 21:51:34 - DATASET_PATH : dataset/
2025-03-10 21:51:34 - 特征提取方法   : hog_p
2025-03-10 21:51:34 - LSH表数量     : 40
2025-03-10 21:51:34 - LSH表大小     : 20
2025-03-10 21:51:34 - Annoy 树数量  : 30
2025-03-10 21:51:34 - 是否存在查询   : dataset/15/15_1501.jpg
2025-03-10 21:51:34 - Step1. 开始进行数据加载
2025-03-10 21:51:34 - Step2. 开始进行特征提取
2025-03-10 21:51:50 - Step3. 开始进行 ICERAY · LSH 索引构建
2025-03-10 21:51:52 - Step4. 开始进行 Annoy-LSH 索引构建
2025-03-10 21:51:53 - Step5. 开始进行 ICERAY · System 评估
2025-03-10 21:51:55 - Step6. 开始进行 Annoy-LSH 评估
2025-03-10 21:51:55 - Custom LSH Rank@5 Accuracy: 0.2160
2025-03-10 21:51:55 - Annoy LSH Rank@5 Accuracy: 0.2900
2025-03-10 21:51:55 - Done!
2025-03-10 21:51:55 - Step7. 开始处理用户查询: dataset/15/15_1501.jpg
2025-03-10 21:51:55 - 成功检索到 5 张，由 ICERAY · LSH 索引进行相似图片
2025-03-10 21:51:55 - 自定义·检索到的文件名：['15_1501.jpg', '15_1591.jpg', '15_1587.jpg', '15_1521.jpg', '15_1536.jpg']
2025-03-10 21:51:55 - 自定义·检索到的标签：['15', '15', '15', '15', '15']
2025-03-10 21:51:55 - 自定义·命中率：100.00%
2025-03-10 21:52:00 - 成功检索到 5 张，由 Annoy · LSH 索引进行相似图片
2025-03-10 21:52:00 - Annoy·检索到的文件名：['15_1501.jpg', '15_1591.jpg', '15_1521.jpg', '15_1579.jpg', '15_1582.jpg']
2025-03-10 21:52:00 - Annoy·检索到的标签：['15', '15', '15', '15', '15']
2025-03-10 21:52:00 - Annoy·命中率：100.00%
