2025-03-16 17:20:22 - Step0. === Step0.=== 参数配置如下
2025-03-16 17:20:22 - DATASET_PATH : dataset/
2025-03-16 17:20:22 - 特征提取方法   : hog
2025-03-16 17:20:22 - LSH表数量     : 40
2025-03-16 17:20:22 - LSH表大小     : 20
2025-03-16 17:20:22 - Annoy 树数量  : 30
2025-03-16 17:20:22 - 是否存在查询   : None
2025-03-16 17:20:22 - 是否自动评估   : True
2025-03-16 17:20:22 - 评估样本数量   : 30
2025-03-16 17:20:22 - 评估K值       : 5
2025-03-16 17:20:22 - Step1. 开始进行数据加载
2025-03-16 17:20:22 - Step2. 开始进行特征提取
2025-03-16 17:20:38 - Step3. 开始进行 ICERAY · LSH 索引构建
2025-03-16 17:20:42 - Step4. 开始进行 Annoy-LSH 索引构建
2025-03-16 17:20:44 - Step5. 开始进行系统自动评估
2025-03-16 17:20:44 - 使用 30 张图片评估 ICERAY · LSH 系统
2025-03-16 17:20:44 - ICERAY · LSH Hit@5 Rate: 0.1067
2025-03-16 17:20:44 - 使用 30 张图片评估 Annoy · LSH 系统
2025-03-16 17:20:45 - Annoy · LSH Hit@5 Rate: 0.1533
2025-03-16 17:20:45 - 自动评估完成!
2025-03-16 17:20:45 - Done!
