2025-02-28 08:26:50 - Step0. === Step0.=== 参数配置如下
2025-02-28 08:26:50 - DATASET_PATH : dataset/
2025-02-28 08:26:50 - 特征提取方法   : hog_p
2025-02-28 08:26:50 - LSH表数量     : 30
2025-02-28 08:26:50 - LSH表大小     : 20
2025-02-28 08:26:50 - Annoy 树数量  : 30
2025-02-28 08:26:50 - 是否存在查询   : dataset/15/15_1501.jpg
2025-02-28 08:26:50 - Step1. 开始进行数据加载
2025-02-28 08:26:50 - Step2. 开始进行特征提取
2025-02-28 08:27:00 - Step3. 开始进行 ICERAY · LSH 索引构建
2025-02-28 08:27:02 - Step4. 开始进行 Annoy-LSH 索引构建
2025-02-28 08:27:03 - Step5. 开始进行 ICERAY · System 评估
2025-02-28 08:27:04 - Step6. 开始进行 Annoy-LSH 评估
2025-02-28 08:27:04 - Custom LSH Rank@5 Accuracy: 0.1120
2025-02-28 08:27:04 - Annoy LSH Rank@5 Accuracy: 0.1600
2025-02-28 08:27:04 - Done!
2025-02-28 08:27:04 - Step7. 开始处理用户查询: dataset/15/15_1501.jpg
2025-02-28 08:27:04 - 成功检索到 10 张，由 ICERAY · LSH 索引进行相似图片
2025-02-28 08:27:04 - 自定义·检索到的文件名：['15_1501.jpg', '96_9604.jpg', '96_9632.jpg', '15_1591.jpg', '67_6705.jpg', '63_6395.jpg', '15_1577.jpg', '15_1572.jpg', '95_9589.jpg', '96_9639.jpg']
2025-02-28 08:27:07 - 成功检索到 10 张，由 Annoy · LSH 索引进行相似图片
2025-02-28 08:27:07 - Annoy·检索到的文件名：['15_1501.jpg', '96_9604.jpg', '96_9632.jpg', '96_9616.jpg', '15_1587.jpg', '67_6705.jpg', '15_1582.jpg', '96_9664.jpg', '96_9606.jpg', '67_6732.jpg']
