2025-03-16 17:17:51 - Step0. === Step0.=== 参数配置如下
2025-03-16 17:17:51 - DATASET_PATH : dataset/
2025-03-16 17:17:51 - 特征提取方法   : hog
2025-03-16 17:17:51 - LSH表数量     : 40
2025-03-16 17:17:51 - LSH表大小     : 20
2025-03-16 17:17:51 - Annoy 树数量  : 30
2025-03-16 17:17:51 - 是否存在查询   : None
2025-03-16 17:17:51 - 是否自动评估   : True
2025-03-16 17:17:51 - 评估样本数量   : 3000
2025-03-16 17:17:51 - 评估K值       : 10
2025-03-16 17:17:51 - Step1. 开始进行数据加载
2025-03-16 17:17:51 - Step2. 开始进行特征提取
2025-03-16 17:18:08 - Step3. 开始进行 ICERAY · LSH 索引构建
2025-03-16 17:18:12 - Step4. 开始进行 Annoy-LSH 索引构建
2025-03-16 17:18:14 - Step5. 开始进行系统自动评估
2025-03-16 17:18:14 - 使用 3000 张图片评估 ICERAY · LSH 系统
2025-03-16 17:19:23 - ICERAY · LSH Hit@10 Rate: 0.1286
2025-03-16 17:19:23 - 使用 3000 张图片评估 Annoy · LSH 系统
2025-03-16 17:19:44 - Annoy · LSH Hit@10 Rate: 0.1855
2025-03-16 17:19:44 - 自动评估完成!
2025-03-16 17:19:44 - Done!
