2025-02-28 14:28:40 - Step0. === Step0.=== 参数配置如下
2025-02-28 14:28:40 - DATASET_PATH : dataset/
2025-02-28 14:28:40 - 特征提取方法   : hog_p
2025-02-28 14:28:40 - LSH表数量     : 40
2025-02-28 14:28:40 - LSH表大小     : 20
2025-02-28 14:28:40 - Annoy 树数量  : 30
2025-02-28 14:28:40 - 是否存在查询   : dataset/15/15_1501.jpg
2025-02-28 14:28:40 - Step1. 开始进行数据加载
2025-02-28 14:28:40 - Step2. 开始进行特征提取
2025-02-28 14:28:49 - Step3. 开始进行 ICERAY · LSH 索引构建
2025-02-28 14:28:51 - Step4. 开始进行 Annoy-LSH 索引构建
2025-02-28 14:28:51 - Step5. 开始进行 ICERAY · System 评估
2025-02-28 14:28:52 - Step6. 开始进行 Annoy-LSH 评估
2025-02-28 14:28:52 - Custom LSH Rank@5 Accuracy: 0.2160
2025-02-28 14:28:52 - Annoy LSH Rank@5 Accuracy: 0.2900
2025-02-28 14:28:52 - Done!
2025-02-28 14:28:52 - Step7. 开始处理用户查询: dataset/15/15_1501.jpg
2025-02-28 14:28:52 - 成功检索到 10 张，由 ICERAY · LSH 索引进行相似图片
2025-02-28 14:28:52 - 自定义·检索到的文件名：['15_1501.jpg', '15_1591.jpg', '15_1587.jpg', '15_1521.jpg', '15_1536.jpg', '96_9632.jpg', '15_1553.jpg', '67_6705.jpg', '96_9604.jpg', '96_9616.jpg']
2025-02-28 14:28:52 - 自定义·检索到的标签：['15', '15', '15', '15', '15', '96', '15', '67', '96', '96']
2025-02-28 14:28:52 - 自定义·命中率：60.00%
2025-02-28 14:29:03 - 成功检索到 10 张，由 Annoy · LSH 索引进行相似图片
2025-02-28 14:29:03 - Annoy·检索到的文件名：['15_1501.jpg', '15_1591.jpg', '15_1521.jpg', '15_1579.jpg', '15_1582.jpg', '96_9632.jpg', '15_1523.jpg', '51_5150.jpg', '15_1543.jpg', '15_1589.jpg']
2025-02-28 14:29:03 - Annoy·检索到的标签：['15', '15', '15', '15', '15', '96', '15', '51', '15', '15']
2025-02-28 14:29:03 - Annoy·命中率：80.00%
