2025-02-27 11:15:47 - Step0. === Step0.=== 参数配置如下
2025-02-27 11:15:47 - DATASET_PATH : dataset/
2025-02-27 11:15:47 - 特征提取方法   : hog_p
2025-02-27 11:15:47 - LSH表数量     : 40
2025-02-27 11:15:47 - LSH表大小     : 20
2025-02-27 11:15:47 - Annoy 树数量  : 20
2025-02-27 11:15:47 - 是否存在查询   : dataset/15/15_1501.jpg
2025-02-27 11:15:47 - Step1. 开始进行数据加载
2025-02-27 11:15:47 - Step2. 开始进行特征提取
2025-02-27 11:17:18 - Step3. 开始进行 ICERAY · LSH 索引构建
2025-02-27 11:18:42 - Step4. 开始进行 Annoy-LSH 索引构建
2025-02-27 11:20:10 - Step5. 开始进行 ICERAY · System 评估
2025-02-27 11:20:16 - Step6. 开始进行 Annoy-LSH 评估
2025-02-27 11:22:22 - Custom LSH Rank@5 Accuracy: 0.0400
2025-02-27 11:22:22 - Annoy LSH Rank@5 Accuracy: 0.1920
2025-02-27 11:22:22 - Done!
2025-02-27 11:22:22 - Step7. 开始处理用户查询: dataset/15/15_1501.jpg
2025-02-27 11:22:22 - 成功检索到 10 张，由 ICERAY · LSH 索引进行相似图片
2025-02-27 11:22:22 - 自定义·检索到的文件名：['15_1501.jpg', '76_7668.jpg', '35_3526.jpg', '76_7674.jpg', '57_5714.jpg', '77_7774.jpg', '1_172.jpg', '38_3856.jpg', '41_4142.jpg', '30_3018.jpg']
2025-02-27 11:22:28 - 成功检索到 10 张，由 Annoy · LSH 索引进行相似图片
2025-02-27 11:22:28 - Annoy·检索到的文件名：['15_1501.jpg', '15_1585.jpg', '15_1510.jpg', '15_1543.jpg', '32_3293.jpg', '15_1502.jpg', '96_9632.jpg', '15_1522.jpg', '96_9604.jpg', '15_1520.jpg']
