2025-03-16 20:11:58 - 检查GPU可用性
2025-03-16 20:11:58 - GPU不可用或已禁用，将使用CPU
2025-03-16 20:11:58 - Step0. === Step0.=== 参数配置如下
2025-03-16 20:11:58 - DATASET_PATH : dataset
2025-03-16 20:11:58 - 特征提取方法   : cnn
2025-03-16 20:11:58 - LSH表数量     : 15
2025-03-16 20:11:58 - LSH表大小     : 9
2025-03-16 20:11:58 - Top_K        : 30
2025-03-16 20:11:58 - Annoy 树数量  : 15
2025-03-16 20:11:58 - 是否存在查询   : None
2025-03-16 20:11:58 - 评估样本数量   : 500
2025-03-16 20:11:58 - 交互式模式     : True
2025-03-16 20:11:58 - Step1. 开始进行数据加载
2025-03-16 20:11:58 - 已加载 10000 张图像
2025-03-16 20:11:58 - Step2. 开始进行特征提取
2025-03-16 20:17:54 - 特征提取完成，特征维度: (10000, 2048)
2025-03-16 20:17:54 - Step3. 开始进行 ICERAY · LSH 索引构建
2025-03-16 20:17:55 - ICERAY LSH 索引构建完成
2025-03-16 20:17:55 - Step4. 开始进行 Annoy-LSH 索引构建
2025-03-16 20:17:56 - Annoy-LSH 索引构建完成
2025-03-16 20:17:56 - Step5. 开始对随机 500 张图片进行批量评估
2025-03-16 20:18:14 - 自定义LSH平均命中率: 69.00%
2025-03-16 20:18:14 - Annoy LSH平均命中率: 68.32%
2025-03-16 20:18:14 - 预处理和索引构建已完成，进入交互式模式
