2025-02-28 08:23:13 - Step0. === Step0.=== 参数配置如下
2025-02-28 08:23:13 - DATASET_PATH : dataset/
2025-02-28 08:23:13 - 特征提取方法   : hog_p
2025-02-28 08:23:13 - LSH表数量     : 50
2025-02-28 08:23:13 - LSH表大小     : 20
2025-02-28 08:23:13 - Annoy 树数量  : 10
2025-02-28 08:23:13 - 是否存在查询   : dataset/15/15_1501.jpg
2025-02-28 08:23:13 - Step1. 开始进行数据加载
2025-02-28 08:23:13 - Step2. 开始进行特征提取
2025-02-28 08:23:23 - Step3. 开始进行 ICERAY · LSH 索引构建
2025-02-28 08:23:25 - Step4. 开始进行 Annoy-LSH 索引构建
2025-02-28 08:23:27 - Step5. 开始进行 ICERAY · System 评估
2025-02-28 08:23:28 - Step6. 开始进行 Annoy-LSH 评估
2025-02-28 08:23:28 - Custom LSH Rank@5 Accuracy: 0.1440
2025-02-28 08:23:28 - Annoy LSH Rank@5 Accuracy: 0.1940
2025-02-28 08:23:28 - Done!
2025-02-28 08:23:28 - Step7. 开始处理用户查询: dataset/15/15_1501.jpg
2025-02-28 08:23:28 - 成功检索到 10 张，由 ICERAY · LSH 索引进行相似图片
2025-02-28 08:23:28 - 自定义·检索到的文件名：['15_1501.jpg', '96_9604.jpg', '96_9632.jpg', '15_1591.jpg', '15_1587.jpg', '15_1582.jpg', '96_9664.jpg', '96_9606.jpg', '15_1543.jpg', '35_3520.jpg']
2025-02-28 08:23:30 - 成功检索到 10 张，由 Annoy · LSH 索引进行相似图片
2025-02-28 08:23:30 - Annoy·检索到的文件名：['15_1501.jpg', '96_9604.jpg', '96_9632.jpg', '96_9616.jpg', '15_1591.jpg', '67_6705.jpg', '15_1582.jpg', '96_9664.jpg', '96_9606.jpg', '67_6732.jpg']
