2025-02-26 17:11:25 - Step0. === Step0.=== 参数配置如下
2025-02-26 17:11:25 - DATASET_PATH : dataset/
2025-02-26 17:11:25 - 特征提取方法   : hog
2025-02-26 17:11:25 - LSH表数量     : 20
2025-02-26 17:11:25 - LSH表大小     : 12
2025-02-26 17:11:25 - Annoy 树数量  : 10
2025-02-26 17:11:25 - 是否存在查询   : dataset/16/16_1628.jpg
2025-02-26 17:11:25 - Step1. 开始进行数据加载
2025-02-26 17:11:25 - Step2. 开始进行特征提取
2025-02-26 17:11:38 - Step3. 开始进行 ICERAY · LSH 索引构建
2025-02-26 17:11:39 - Step4. 开始进行 Annoy-LSH 索引构建
2025-02-26 17:11:41 - Step5. 开始进行 ICERAY · System 评估
2025-02-26 17:11:46 - Step6. 开始进行 Annoy-LSH 评估
2025-02-26 17:11:46 - Custom LSH Rank@5 Accuracy: 0.1760
2025-02-26 17:11:46 - Annoy LSH Rank@5 Accuracy: 0.1880
2025-02-26 17:11:46 - Done!
2025-02-26 17:11:46 - Step7. 开始处理用户查询: dataset/16/16_1628.jpg
2025-02-26 17:11:47 - 成功检索到 10 张，由 ICERAY · LSH 索引进行相似图片
2025-02-26 17:11:47 - 自定义·检索到的文件名：['16_1628.jpg', '76_7668.jpg', '62_6261.jpg', '80_8044.jpg', '96_9663.jpg', '77_7757.jpg', '30_3042.jpg', '67_6732.jpg', '96_9650.jpg', '77_7708.jpg']
2025-02-26 17:12:01 - 成功检索到 10 张，由 Annoy · LSH 索引进行相似图片
2025-02-26 17:12:01 - Annoy·检索到的文件名：['16_1628.jpg', '76_7668.jpg', '62_6261.jpg', '77_7757.jpg', '30_3042.jpg', '77_7708.jpg', '89_8969.jpg', '77_7762.jpg', '57_5794.jpg', '89_8998.jpg']
