2025-02-28 14:51:24 - Step0. === Step0.=== 参数配置如下
2025-02-28 14:51:24 - DATASET_PATH : dataset/
2025-02-28 14:51:24 - 特征提取方法   : hog_p
2025-02-28 14:51:24 - LSH表数量     : 40
2025-02-28 14:51:24 - LSH表大小     : 20
2025-02-28 14:51:24 - Annoy 树数量  : 30
2025-02-28 14:51:24 - 是否存在查询   : dataset/15/15_1567.jpg
2025-02-28 14:51:24 - Step1. 开始进行数据加载
2025-02-28 14:51:24 - Step2. 开始进行特征提取
2025-02-28 14:51:33 - Step3. 开始进行 ICERAY · LSH 索引构建
2025-02-28 14:51:34 - Step4. 开始进行 Annoy-LSH 索引构建
2025-02-28 14:51:35 - Step5. 开始进行 ICERAY · System 评估
2025-02-28 14:51:35 - Step6. 开始进行 Annoy-LSH 评估
2025-02-28 14:51:35 - Custom LSH Rank@5 Accuracy: 0.2160
2025-02-28 14:51:35 - Annoy LSH Rank@5 Accuracy: 0.2900
2025-02-28 14:51:35 - Done!
2025-02-28 14:51:35 - Step7. 开始处理用户查询: dataset/15/15_1567.jpg
2025-02-28 14:51:35 - 成功检索到 10 张，由 ICERAY · LSH 索引进行相似图片
2025-02-28 14:51:35 - 自定义·检索到的文件名：['15_1567.jpg', '15_1518.jpg', '15_1528.jpg', '15_1581.jpg', '15_1577.jpg', '15_1588.jpg', '20_2018.jpg', '15_1590.jpg', '15_1501.jpg', '15_1534.jpg']
2025-02-28 14:51:35 - 自定义·检索到的标签：['15', '15', '15', '15', '15', '15', '20', '15', '15', '15']
2025-02-28 14:51:35 - 自定义·命中率：90.00%
2025-02-28 14:55:11 - 成功检索到 10 张，由 Annoy · LSH 索引进行相似图片
2025-02-28 14:55:11 - Annoy·检索到的文件名：['15_1567.jpg', '15_1518.jpg', '15_1528.jpg', '15_1560.jpg', '15_1581.jpg', '15_1598.jpg', '15_1579.jpg', '15_1577.jpg', '15_1588.jpg', '20_2018.jpg']
2025-02-28 14:55:11 - Annoy·检索到的标签：['15', '15', '15', '15', '15', '15', '15', '15', '15', '20']
2025-02-28 14:55:11 - Annoy·命中率：90.00%
