2025-03-16 17:41:21 - Step0. === Step0.=== 参数配置如下
2025-03-16 17:41:21 - DATASET_PATH : dataset/
2025-03-16 17:41:21 - 特征提取方法   : hog
2025-03-16 17:41:21 - LSH表数量     : 40
2025-03-16 17:41:21 - LSH表大小     : 20
2025-03-16 17:41:21 - Annoy 树数量  : 30
2025-03-16 17:41:21 - 是否存在查询   : None
2025-03-16 17:41:21 - 是否自动评估   : True
2025-03-16 17:41:21 - 评估样本数量   : 1
2025-03-16 17:41:21 - 评估K值       : 5
2025-03-16 17:41:21 - Step1. 开始进行数据加载
2025-03-16 17:41:21 - Step2. 开始进行特征提取
2025-03-16 17:41:39 - Step3. 开始进行 ICERAY · LSH 索引构建
2025-03-16 17:41:43 - Step4. 开始进行 Annoy-LSH 索引构建
2025-03-16 17:41:45 - Step5. 开始进行系统自动评估
2025-03-16 17:41:45 - 使用 1 张图片评估 ICERAY · LSH 系统
2025-03-16 17:41:45 - ICERAY · LSH Hit@5 Rate: 0.0000
2025-03-16 17:41:45 - 使用 1 张图片评估 Annoy · LSH 系统
2025-03-16 17:41:45 - Annoy · LSH Hit@5 Rate: 0.0000
2025-03-16 17:41:45 - 自动评估完成!
2025-03-16 17:41:45 - Done!
