2025-02-27 11:09:11 - Step0. === Step0.=== 参数配置如下
2025-02-27 11:09:11 - DATASET_PATH : dataset/
2025-02-27 11:09:11 - 特征提取方法   : lbp_p
2025-02-27 11:09:11 - LSH表数量     : 40
2025-02-27 11:09:11 - LSH表大小     : 20
2025-02-27 11:09:11 - Annoy 树数量  : 20
2025-02-27 11:09:11 - 是否存在查询   : dataset/15/15_1501.jpg
2025-02-27 11:09:11 - Step1. 开始进行数据加载
2025-02-27 11:09:11 - Step2. 开始进行特征提取
2025-02-27 11:09:21 - Step3. 开始进行 ICERAY · LSH 索引构建
2025-02-27 11:09:21 - Step4. 开始进行 Annoy-LSH 索引构建
2025-02-27 11:09:22 - Step5. 开始进行 ICERAY · System 评估
2025-02-27 11:09:22 - Step6. 开始进行 Annoy-LSH 评估
2025-02-27 11:09:22 - Custom LSH Rank@5 Accuracy: 0.2180
2025-02-27 11:09:22 - Annoy LSH Rank@5 Accuracy: 0.2080
2025-02-27 11:09:22 - Done!
2025-02-27 11:09:22 - Step7. 开始处理用户查询: dataset/15/15_1501.jpg
2025-02-27 11:09:22 - 成功检索到 10 张，由 ICERAY · LSH 索引进行相似图片
2025-02-27 11:09:22 - 自定义·检索到的文件名：['15_1501.jpg', '15_1504.jpg', '15_1510.jpg', '15_1520.jpg', '97_9790.jpg', '15_1509.jpg', '15_1543.jpg', '15_1503.jpg', '86_8668.jpg', '15_1600.jpg']
2025-02-27 11:10:00 - 成功检索到 10 张，由 Annoy · LSH 索引进行相似图片
2025-02-27 11:10:00 - Annoy·检索到的文件名：['15_1501.jpg', '15_1504.jpg', '15_1510.jpg', '15_1520.jpg', '97_9790.jpg', '15_1509.jpg', '15_1543.jpg', '15_1503.jpg', '86_8668.jpg', '15_1600.jpg']
