2025-03-16 17:21:15 - Step0. === Step0.=== 参数配置如下
2025-03-16 17:21:15 - DATASET_PATH : dataset/
2025-03-16 17:21:15 - 特征提取方法   : hog
2025-03-16 17:21:15 - LSH表数量     : 40
2025-03-16 17:21:15 - LSH表大小     : 20
2025-03-16 17:21:15 - Annoy 树数量  : 30
2025-03-16 17:21:15 - 是否存在查询   : dataset/39/39_3907.jpg
2025-03-16 17:21:15 - 是否自动评估   : False
2025-03-16 17:21:15 - Step1. 开始进行数据加载
2025-03-16 17:21:15 - Step2. 开始进行特征提取
2025-03-16 17:21:31 - Step3. 开始进行 ICERAY · LSH 索引构建
2025-03-16 17:21:35 - Step4. 开始进行 Annoy-LSH 索引构建
2025-03-16 17:21:37 - Step5. 开始处理用户查询: dataset/39/39_3907.jpg
2025-03-16 17:21:37 - 成功检索到 10 张，由 ICERAY · LSH 索引进行相似图片
2025-03-16 17:21:37 - 自定义·检索到的文件名：['39_3907.jpg', '39_3901.jpg', '39_3914.jpg', '39_3920.jpg', '84_8487.jpg', '39_3975.jpg', '77_7782.jpg', '86_8636.jpg', '0_4.jpg', '84_8495.jpg']
2025-03-16 17:21:37 - 自定义·检索到的标签：['39', '39', '39', '39', '84', '39', '77', '86', '0', '84']
2025-03-16 17:21:37 - 自定义·命中率：50.00%
2025-03-16 17:21:42 - 成功检索到 10 张，由 Annoy · LSH 索引进行相似图片
2025-03-16 17:21:42 - Annoy·检索到的文件名：['39_3907.jpg', '39_3901.jpg', '39_3914.jpg', '39_3913.jpg', '39_3969.jpg', '39_3920.jpg', '84_8487.jpg', '39_3908.jpg', '39_3975.jpg', '5_519.jpg']
2025-03-16 17:21:42 - Annoy·检索到的标签：['39', '39', '39', '39', '39', '39', '84', '39', '39', '5']
2025-03-16 17:21:42 - Annoy·命中率：80.00%
2025-03-16 17:21:43 - Done!
