2025-02-27 11:05:09 - Step0. === Step0.=== 参数配置如下
2025-02-27 11:05:09 - DATASET_PATH : dataset/
2025-02-27 11:05:09 - 特征提取方法   : lbp
2025-02-27 11:05:09 - LSH表数量     : 40
2025-02-27 11:05:09 - LSH表大小     : 20
2025-02-27 11:05:09 - Annoy 树数量  : 20
2025-02-27 11:05:09 - 是否存在查询   : dataset/15/15_1501.jpg
2025-02-27 11:05:09 - Step1. 开始进行数据加载
2025-02-27 11:05:09 - Step2. 开始进行特征提取
2025-02-27 11:05:22 - Step3. 开始进行 ICERAY · LSH 索引构建
2025-02-27 11:05:23 - Step4. 开始进行 Annoy-LSH 索引构建
2025-02-27 11:05:23 - Step5. 开始进行 ICERAY · System 评估
2025-02-27 11:05:24 - Step6. 开始进行 Annoy-LSH 评估
2025-02-27 11:05:24 - Custom LSH Rank@5 Accuracy: 0.1100
2025-02-27 11:05:24 - Annoy LSH Rank@5 Accuracy: 0.1100
2025-02-27 11:05:24 - Done!
2025-02-27 11:05:24 - Step7. 开始处理用户查询: dataset/15/15_1501.jpg
2025-02-27 11:05:24 - 成功检索到 10 张，由 ICERAY · LSH 索引进行相似图片
2025-02-27 11:05:24 - 自定义·检索到的文件名：['15_1501.jpg', '37_3715.jpg', '15_1561.jpg', '78_7838.jpg', '15_1508.jpg', '15_1597.jpg', '86_8636.jpg', '33_3378.jpg', '63_6321.jpg', '65_6581.jpg']
2025-02-27 11:05:28 - 成功检索到 10 张，由 Annoy · LSH 索引进行相似图片
2025-02-27 11:05:28 - Annoy·检索到的文件名：['15_1501.jpg', '15_1561.jpg', '78_7838.jpg', '15_1508.jpg', '15_1597.jpg', '86_8636.jpg', '63_6321.jpg', '65_6581.jpg', '67_6751.jpg', '64_6492.jpg']
