2025-02-27 11:29:55 - Step0. === Step0.=== 参数配置如下
2025-02-27 11:29:55 - DATASET_PATH : dataset/
2025-02-27 11:29:55 - 特征提取方法   : lbp_p
2025-02-27 11:29:55 - LSH表数量     : 40
2025-02-27 11:29:55 - LSH表大小     : 20
2025-02-27 11:29:55 - Annoy 树数量  : 20
2025-02-27 11:29:55 - 是否存在查询   : dataset/15/15_1501.jpg
2025-02-27 11:29:55 - Step1. 开始进行数据加载
2025-02-27 11:29:55 - Step2. 开始进行特征提取
2025-02-27 11:30:02 - Step3. 开始进行 ICERAY · LSH 索引构建
2025-02-27 11:30:02 - Step4. 开始进行 Annoy-LSH 索引构建
2025-02-27 11:30:02 - Step5. 开始进行 ICERAY · System 评估
2025-02-27 11:30:03 - Step6. 开始进行 Annoy-LSH 评估
2025-02-27 11:30:03 - Custom LSH Rank@5 Accuracy: 0.2000
2025-02-27 11:30:03 - Annoy LSH Rank@5 Accuracy: 0.1920
2025-02-27 11:30:03 - Done!
2025-02-27 11:30:03 - Step7. 开始处理用户查询: dataset/15/15_1501.jpg
2025-02-27 11:30:03 - 成功检索到 10 张，由 ICERAY · LSH 索引进行相似图片
2025-02-27 11:30:03 - 自定义·检索到的文件名：['15_1501.jpg', '65_6563.jpg', '15_1509.jpg', '86_8668.jpg', '15_1520.jpg', '50_5065.jpg', '72_7255.jpg', '64_6481.jpg', '15_1570.jpg', '86_8696.jpg']
2025-02-27 11:30:04 - 成功检索到 10 张，由 Annoy · LSH 索引进行相似图片
2025-02-27 11:30:04 - Annoy·检索到的文件名：['15_1501.jpg', '65_6563.jpg', '15_1509.jpg', '86_8668.jpg', '50_5065.jpg', '72_7255.jpg', '64_6481.jpg', '15_1570.jpg', '86_8696.jpg', '65_6581.jpg']
