2025-02-28 08:52:49 - Step0. === Step0.=== 参数配置如下
2025-02-28 08:52:49 - DATASET_PATH : dataset/
2025-02-28 08:52:49 - 特征提取方法   : hog_p
2025-02-28 08:52:49 - LSH表数量     : 40
2025-02-28 08:52:49 - LSH表大小     : 20
2025-02-28 08:52:49 - Annoy 树数量  : 30
2025-02-28 08:52:49 - 是否存在查询   : dataset/18/18_1801.jpg
2025-02-28 08:52:49 - Step1. 开始进行数据加载
2025-02-28 08:52:49 - Step2. 开始进行特征提取
2025-02-28 08:52:58 - Step3. 开始进行 ICERAY · LSH 索引构建
2025-02-28 08:52:59 - Step4. 开始进行 Annoy-LSH 索引构建
2025-02-28 08:53:00 - Step5. 开始进行 ICERAY · System 评估
2025-02-28 08:53:00 - Step6. 开始进行 Annoy-LSH 评估
2025-02-28 08:53:00 - Custom LSH Rank@5 Accuracy: 0.0020
2025-02-28 08:53:00 - Annoy LSH Rank@5 Accuracy: 0.1920
2025-02-28 08:53:00 - Done!
2025-02-28 08:53:00 - Step7. 开始处理用户查询: dataset/18/18_1801.jpg
2025-02-28 08:53:00 - 成功检索到 10 张，由 ICERAY · LSH 索引进行相似图片
2025-02-28 08:53:00 - 自定义·检索到的文件名：['84_8462.jpg', '94_9477.jpg', '65_6590.jpg', '40_4005.jpg', '91_9121.jpg', '70_7068.jpg', '1_192.jpg', '30_3092.jpg', '14_1477.jpg', '37_3720.jpg']
2025-02-28 08:53:03 - 成功检索到 10 张，由 Annoy · LSH 索引进行相似图片
2025-02-28 08:53:03 - Annoy·检索到的文件名：['18_1801.jpg', '18_1898.jpg', '18_1857.jpg', '18_1888.jpg', '18_1835.jpg', '18_1877.jpg', '18_1805.jpg', '18_1879.jpg', '18_1836.jpg', '18_1839.jpg']
