2025-02-27 11:23:33 - Step0. === Step0.=== 参数配置如下
2025-02-27 11:23:33 - DATASET_PATH : dataset/
2025-02-27 11:23:33 - 特征提取方法   : lbp_p
2025-02-27 11:23:33 - LSH表数量     : 40
2025-02-27 11:23:33 - LSH表大小     : 20
2025-02-27 11:23:33 - Annoy 树数量  : 20
2025-02-27 11:23:33 - 是否存在查询   : dataset/15/15_1501.jpg
2025-02-27 11:23:33 - Step1. 开始进行数据加载
2025-02-27 11:23:33 - Step2. 开始进行特征提取
2025-02-27 11:23:53 - Step3. 开始进行 ICERAY · LSH 索引构建
2025-02-27 11:23:54 - Step4. 开始进行 Annoy-LSH 索引构建
2025-02-27 11:23:54 - Step5. 开始进行 ICERAY · System 评估
2025-02-27 11:23:54 - Step6. 开始进行 Annoy-LSH 评估
2025-02-27 11:23:54 - Custom LSH Rank@5 Accuracy: 0.2020
2025-02-27 11:23:54 - Annoy LSH Rank@5 Accuracy: 0.1940
2025-02-27 11:23:54 - Done!
2025-02-27 11:23:54 - Step7. 开始处理用户查询: dataset/15/15_1501.jpg
2025-02-27 11:23:54 - 成功检索到 10 张，由 ICERAY · LSH 索引进行相似图片
2025-02-27 11:23:54 - 自定义·检索到的文件名：['15_1501.jpg', '15_1520.jpg', '15_1543.jpg', '65_6503.jpg', '56_5632.jpg', '15_1582.jpg', '31_3129.jpg', '48_4801.jpg', '64_6487.jpg', '98_9862.jpg']
2025-02-27 11:25:22 - 成功检索到 10 张，由 Annoy · LSH 索引进行相似图片
2025-02-27 11:25:22 - Annoy·检索到的文件名：['15_1501.jpg', '15_1520.jpg', '15_1543.jpg', '65_6503.jpg', '56_5632.jpg', '15_1582.jpg', '31_3129.jpg', '64_6487.jpg', '98_9862.jpg', '15_1510.jpg']
