2025-02-26 15:56:03 - Step0. === Step0.=== 参数配置如下
2025-02-26 15:56:03 - DATASET_PATH : dataset/
2025-02-26 15:56:03 - 特征提取方法   : hog
2025-02-26 15:56:03 - LSH表数量     : 20
2025-02-26 15:56:03 - LSH表大小     : 12
2025-02-26 15:56:03 - Annoy 树数量  : 10
2025-02-26 15:56:03 - 是否存在查询   : dataset/55/55_5555.jpg
2025-02-26 15:56:03 - Step1. 开始进行数据加载
2025-02-26 15:56:03 - Step2. 开始进行特征提取
2025-02-26 15:56:15 - Step3. 开始进行 ICERAY · LSH 索引构建
2025-02-26 15:56:17 - Step4. 开始进行 Annoy-LSH 索引构建
2025-02-26 15:56:18 - Step5. 开始进行 ICERAY · System 评估
2025-02-26 15:56:24 - Step6. 开始进行 Annoy-LSH 评估
2025-02-26 15:56:25 - Custom LSH Rank@5 Accuracy: 0.2260
2025-02-26 15:56:25 - Annoy LSH Rank@5 Accuracy: 0.2240
2025-02-26 15:56:25 - Done!
2025-02-26 15:56:25 - Step7. 开始处理用户查询: dataset/55/55_5555.jpg
2025-02-26 15:56:25 - 成功检索到 10 张，由 ICERAY · LSH 索引进行相似图片
2025-02-26 15:56:25 - 自定义·检索到的文件名：['55_5555.jpg', '87_8718.jpg', '87_8715.jpg', '87_8713.jpg', '60_6045.jpg', '87_8760.jpg', '76_7648.jpg', '9_903.jpg', '77_7784.jpg', '96_9664.jpg']
2025-02-26 15:56:30 - 成功检索到 10 张，由 Annoy · LSH 索引进行相似图片
2025-02-26 15:56:30 - Annoy·检索到的文件名：['55_5555.jpg', '87_8718.jpg', '87_8715.jpg', '87_8713.jpg', '87_8760.jpg', '76_7648.jpg', '9_903.jpg', '96_9664.jpg', '87_8711.jpg', '78_7854.jpg']
