2025-03-16 20:08:00 - 检查GPU可用性
2025-03-16 20:08:00 - GPU不可用或已禁用，将使用CPU
2025-03-16 20:08:00 - Step0. === Step0.=== 参数配置如下
2025-03-16 20:08:00 - DATASET_PATH : dataset_simple
2025-03-16 20:08:00 - 特征提取方法   : cnn
2025-03-16 20:08:00 - LSH表数量     : 15
2025-03-16 20:08:00 - LSH表大小     : 9
2025-03-16 20:08:00 - Top_K        : 30
2025-03-16 20:08:00 - Annoy 树数量  : 15
2025-03-16 20:08:00 - 是否存在查询   : None
2025-03-16 20:08:00 - 评估样本数量   : 500
2025-03-16 20:08:00 - 交互式模式     : True
2025-03-16 20:08:00 - Step1. 开始进行数据加载
2025-03-16 20:08:00 - 已加载 1800 张图像
2025-03-16 20:08:00 - Step2. 开始进行特征提取
2025-03-16 20:09:16 - 特征提取完成，特征维度: (1800, 2048)
2025-03-16 20:09:16 - Step3. 开始进行 ICERAY · LSH 索引构建
2025-03-16 20:09:16 - ICERAY LSH 索引构建完成
2025-03-16 20:09:16 - Step4. 开始进行 Annoy-LSH 索引构建
2025-03-16 20:09:16 - Annoy-LSH 索引构建完成
2025-03-16 20:09:16 - Step5. 开始对随机 500 张图片进行批量评估
2025-03-16 20:09:30 - 自定义LSH平均命中率: 86.32%
2025-03-16 20:09:30 - Annoy LSH平均命中率: 88.45%
2025-03-16 20:09:30 - 预处理和索引构建已完成，进入交互式模式
2025-03-16 20:11:32 - 程序执行完毕
