2025-03-16 17:22:43 - Step0. === Step0.=== 参数配置如下
2025-03-16 17:22:43 - DATASET_PATH : dataset/
2025-03-16 17:22:43 - 特征提取方法   : hog_p
2025-03-16 17:22:43 - LSH表数量     : 40
2025-03-16 17:22:43 - LSH表大小     : 20
2025-03-16 17:22:43 - Annoy 树数量  : 30
2025-03-16 17:22:43 - 是否存在查询   : dataset/39/39_3907.jpg
2025-03-16 17:22:43 - 是否自动评估   : False
2025-03-16 17:22:43 - Step1. 开始进行数据加载
2025-03-16 17:22:43 - Step2. 开始进行特征提取
2025-03-16 17:22:58 - Step3. 开始进行 ICERAY · LSH 索引构建
2025-03-16 17:23:00 - Step4. 开始进行 Annoy-LSH 索引构建
2025-03-16 17:23:01 - Step5. 开始处理用户查询: dataset/39/39_3907.jpg
2025-03-16 17:23:01 - 成功检索到 10 张，由 ICERAY · LSH 索引进行相似图片
2025-03-16 17:23:01 - 自定义·检索到的文件名：['39_3907.jpg', '39_3901.jpg', '39_3914.jpg', '21_2167.jpg', '9_914.jpg', '84_8495.jpg', '76_7672.jpg', '55_5515.jpg', '66_6650.jpg', '78_7851.jpg']
2025-03-16 17:23:01 - 自定义·检索到的标签：['39', '39', '39', '21', '9', '84', '76', '55', '66', '78']
2025-03-16 17:23:01 - 自定义·命中率：30.00%
2025-03-16 17:23:03 - 成功检索到 10 张，由 Annoy · LSH 索引进行相似图片
2025-03-16 17:23:03 - Annoy·检索到的文件名：['39_3907.jpg', '39_3901.jpg', '39_3914.jpg', '39_3920.jpg', '84_8487.jpg', '39_3969.jpg', '39_3913.jpg', '86_8636.jpg', '39_3975.jpg', '39_3941.jpg']
2025-03-16 17:23:03 - Annoy·检索到的标签：['39', '39', '39', '39', '84', '39', '39', '86', '39', '39']
2025-03-16 17:23:03 - Annoy·命中率：80.00%
2025-03-16 17:23:06 - Done!
