2025-02-28 08:12:39 - Step0. === Step0.=== 参数配置如下
2025-02-28 08:12:39 - DATASET_PATH : dataset/
2025-02-28 08:12:39 - 特征提取方法   : hog_p
2025-02-28 08:12:39 - LSH表数量     : 40
2025-02-28 08:12:39 - LSH表大小     : 20
2025-02-28 08:12:39 - Annoy 树数量  : 20
2025-02-28 08:12:39 - 是否存在查询   : dataset/15/15_1501.jpg
2025-02-28 08:12:39 - Step1. 开始进行数据加载
2025-02-28 08:12:39 - Step2. 开始进行特征提取
2025-02-28 08:13:00 - Step3. 开始进行 ICERAY · LSH 索引构建
2025-02-28 08:13:16 - Step4. 开始进行 Annoy-LSH 索引构建
2025-02-28 08:13:32 - Step5. 开始进行 ICERAY · System 评估
2025-02-28 08:13:33 - Step6. 开始进行 Annoy-LSH 评估
2025-02-28 08:13:58 - Custom LSH Rank@5 Accuracy: 0.0680
2025-02-28 08:13:58 - Annoy LSH Rank@5 Accuracy: 0.2240
2025-02-28 08:13:58 - Done!
2025-02-28 08:13:58 - Step7. 开始处理用户查询: dataset/15/15_1501.jpg
2025-02-28 08:13:58 - 成功检索到 10 张，由 ICERAY · LSH 索引进行相似图片
2025-02-28 08:13:58 - 自定义·检索到的文件名：['15_1501.jpg', '15_1587.jpg', '90_9029.jpg', '90_9062.jpg', '62_6233.jpg', '87_8772.jpg', '80_8063.jpg', '3_358.jpg', '95_9545.jpg', '67_6788.jpg']
2025-02-28 08:14:01 - 成功检索到 10 张，由 Annoy · LSH 索引进行相似图片
2025-02-28 08:14:01 - Annoy·检索到的文件名：['15_1501.jpg', '15_1585.jpg', '96_9604.jpg', '15_1543.jpg', '96_9663.jpg', '15_1502.jpg', '15_1579.jpg', '15_1553.jpg', '15_1523.jpg', '15_1522.jpg']
