2025-02-28 08:14:29 - Step0. === Step0.=== 参数配置如下
2025-02-28 08:14:29 - DATASET_PATH : dataset/
2025-02-28 08:14:29 - 特征提取方法   : hog_p
2025-02-28 08:14:29 - LSH表数量     : 40
2025-02-28 08:14:29 - LSH表大小     : 20
2025-02-28 08:14:29 - Annoy 树数量  : 20
2025-02-28 08:14:29 - 是否存在查询   : dataset/15/15_1501.jpg
2025-02-28 08:14:29 - Step1. 开始进行数据加载
2025-02-28 08:14:29 - Step2. 开始进行特征提取
2025-02-28 08:14:39 - Step3. 开始进行 ICERAY · LSH 索引构建
2025-02-28 08:14:40 - Step4. 开始进行 Annoy-LSH 索引构建
2025-02-28 08:14:40 - Step5. 开始进行 ICERAY · System 评估
2025-02-28 08:14:41 - Step6. 开始进行 Annoy-LSH 评估
2025-02-28 08:14:41 - Custom LSH Rank@5 Accuracy: 0.1900
2025-02-28 08:14:41 - Annoy LSH Rank@5 Accuracy: 0.2020
2025-02-28 08:14:41 - Done!
2025-02-28 08:14:41 - Step7. 开始处理用户查询: dataset/15/15_1501.jpg
2025-02-28 08:14:41 - 成功检索到 10 张，由 ICERAY · LSH 索引进行相似图片
2025-02-28 08:14:41 - 自定义·检索到的文件名：['15_1501.jpg', '26_2637.jpg', '96_9632.jpg', '96_9604.jpg', '96_9616.jpg', '15_1579.jpg', '15_1591.jpg', '80_8018.jpg', '67_6732.jpg', '15_1536.jpg']
2025-02-28 08:14:44 - 成功检索到 10 张，由 Annoy · LSH 索引进行相似图片
2025-02-28 08:14:44 - Annoy·检索到的文件名：['15_1501.jpg', '96_9632.jpg', '15_1579.jpg', '80_8018.jpg', '15_1536.jpg', '15_1521.jpg', '78_7850.jpg', '16_1620.jpg', '15_1553.jpg', '38_3849.jpg']
