2025-02-28 08:28:39 - Step0. === Step0.=== 参数配置如下
2025-02-28 08:28:39 - DATASET_PATH : dataset/
2025-02-28 08:28:39 - 特征提取方法   : hog_p
2025-02-28 08:28:39 - LSH表数量     : 40
2025-02-28 08:28:39 - LSH表大小     : 20
2025-02-28 08:28:39 - Annoy 树数量  : 30
2025-02-28 08:28:39 - 是否存在查询   : dataset/15/15_1501.jpg
2025-02-28 08:28:39 - Step1. 开始进行数据加载
2025-02-28 08:28:39 - Step2. 开始进行特征提取
2025-02-28 08:28:48 - Step3. 开始进行 ICERAY · LSH 索引构建
2025-02-28 08:28:50 - Step4. 开始进行 Annoy-LSH 索引构建
2025-02-28 08:28:50 - Step5. 开始进行 ICERAY · System 评估
2025-02-28 08:28:51 - Step6. 开始进行 Annoy-LSH 评估
2025-02-28 08:28:51 - Custom LSH Rank@5 Accuracy: 0.1940
2025-02-28 08:28:51 - Annoy LSH Rank@5 Accuracy: 0.2480
2025-02-28 08:28:51 - Done!
2025-02-28 08:28:51 - Step7. 开始处理用户查询: dataset/15/15_1501.jpg
2025-02-28 08:28:51 - 成功检索到 10 张，由 ICERAY · LSH 索引进行相似图片
2025-02-28 08:28:51 - 自定义·检索到的文件名：['15_1501.jpg', '15_1587.jpg', '96_9604.jpg', '15_1521.jpg', '15_1553.jpg', '80_8092.jpg', '96_9664.jpg', '35_3599.jpg', '15_1523.jpg', '80_8018.jpg']
2025-02-28 08:28:56 - 成功检索到 10 张，由 Annoy · LSH 索引进行相似图片
2025-02-28 08:28:56 - Annoy·检索到的文件名：['15_1501.jpg', '96_9616.jpg', '96_9604.jpg', '15_1521.jpg', '96_9632.jpg', '15_1553.jpg', '80_8092.jpg', '15_1582.jpg', '15_1523.jpg', '67_6705.jpg']
