2025-02-28 14:56:36 - Step0. === Step0.=== 参数配置如下
2025-02-28 14:56:36 - DATASET_PATH : dataset/
2025-02-28 14:56:36 - 特征提取方法   : lbp_p
2025-02-28 14:56:36 - LSH表数量     : 40
2025-02-28 14:56:36 - LSH表大小     : 20
2025-02-28 14:56:36 - Annoy 树数量  : 30
2025-02-28 14:56:36 - 是否存在查询   : dataset/15/15_1567.jpg
2025-02-28 14:56:36 - Step1. 开始进行数据加载
2025-02-28 14:56:36 - Step2. 开始进行特征提取
2025-02-28 14:56:47 - Step3. 开始进行 ICERAY · LSH 索引构建
2025-02-28 14:56:47 - Step4. 开始进行 Annoy-LSH 索引构建
2025-02-28 14:56:47 - Step5. 开始进行 ICERAY · System 评估
2025-02-28 14:56:48 - Step6. 开始进行 Annoy-LSH 评估
2025-02-28 14:56:48 - Custom LSH Rank@5 Accuracy: 0.2740
2025-02-28 14:56:48 - Annoy LSH Rank@5 Accuracy: 0.2740
2025-02-28 14:56:48 - Done!
2025-02-28 14:56:48 - Step7. 开始处理用户查询: dataset/15/15_1567.jpg
2025-02-28 14:56:48 - 成功检索到 20 张，由 ICERAY · LSH 索引进行相似图片
2025-02-28 14:56:48 - 自定义·检索到的文件名：['15_1567.jpg', '20_2020.jpg', '23_2364.jpg', '86_8621.jpg', '23_2382.jpg', '15_1594.jpg', '25_2571.jpg', '15_1554.jpg', '15_1561.jpg', '15_1597.jpg', '23_2388.jpg', '23_2400.jpg', '15_1504.jpg', '15_1583.jpg', '8_897.jpg', '15_1579.jpg', '33_3386.jpg', '15_1592.jpg', '15_1599.jpg', '33_3321.jpg']
2025-02-28 14:56:48 - 自定义·检索到的标签：['15', '20', '23', '86', '23', '15', '25', '15', '15', '15', '23', '23', '15', '15', '8', '15', '33', '15', '15', '33']
2025-02-28 14:56:48 - 自定义·命中率：50.00%
2025-02-28 14:56:55 - 成功检索到 20 张，由 Annoy · LSH 索引进行相似图片
2025-02-28 14:56:55 - Annoy·检索到的文件名：['15_1567.jpg', '20_2020.jpg', '23_2364.jpg', '86_8621.jpg', '23_2382.jpg', '15_1594.jpg', '25_2571.jpg', '15_1554.jpg', '15_1561.jpg', '15_1597.jpg', '23_2388.jpg', '23_2400.jpg', '15_1583.jpg', '8_897.jpg', '15_1579.jpg', '33_3386.jpg', '15_1592.jpg', '15_1599.jpg', '33_3321.jpg', '31_3193.jpg']
2025-02-28 14:56:55 - Annoy·检索到的标签：['15', '20', '23', '86', '23', '15', '25', '15', '15', '15', '23', '23', '15', '8', '15', '33', '15', '15', '33', '31']
2025-02-28 14:56:55 - Annoy·命中率：45.00%
