2025-02-26 15:52:30 - Step0. === Step0.=== 参数配置如下
2025-02-26 15:52:30 - DATASET_PATH : dataset/
2025-02-26 15:52:30 - 特征提取方法   : hog
2025-02-26 15:52:30 - LSH表数量     : 20
2025-02-26 15:52:30 - LSH表大小     : 12
2025-02-26 15:52:30 - Annoy 树数量  : 10
2025-02-26 15:52:30 - 是否存在查询   : dataset/55/55_5555.jpg
2025-02-26 15:52:30 - Step1. 开始进行数据加载
2025-02-26 15:52:30 - Step2. 开始进行特征提取
2025-02-26 15:52:41 - Step3. 开始进行 ICERAY · LSH 索引构建
2025-02-26 15:52:42 - Step4. 开始进行 Annoy-LSH 索引构建
2025-02-26 15:52:44 - Step5. 开始进行 ICERAY · System 评估
2025-02-26 15:52:47 - Step6. 开始进行 Annoy-LSH 评估
2025-02-26 15:52:48 - Custom LSH Rank@5 Accuracy: 0.2040
2025-02-26 15:52:48 - Annoy LSH Rank@5 Accuracy: 0.2100
2025-02-26 15:52:48 - Done!
2025-02-26 15:52:48 - Step7. 开始处理用户查询: dataset/55/55_5555.jpg
2025-02-26 15:52:48 - 成功检索到 10 张，由 ICERAY · LSH 索引进行相似图片
2025-02-26 15:52:48 - 自定义·检索到的文件名：['55_5555.jpg', '99_9902.jpg', '96_9613.jpg', '60_6069.jpg', '60_6035.jpg', '96_9663.jpg', '35_3577.jpg', '87_8760.jpg', '87_8711.jpg', '60_6011.jpg']
2025-02-26 15:52:56 - 成功检索到 10 张，由 Annoy · LSH 索引进行相似图片
2025-02-26 15:52:56 - Annoy·检索到的文件名：['55_5555.jpg', '99_9902.jpg', '96_9613.jpg', '60_6069.jpg', '60_6035.jpg', '96_9663.jpg', '35_3577.jpg', '87_8760.jpg', '87_8711.jpg', '60_6011.jpg']
