2025-02-28 08:45:36 - Step0. === Step0.=== 参数配置如下
2025-02-28 08:45:36 - DATASET_PATH : dataset/
2025-02-28 08:45:36 - 特征提取方法   : hog_p
2025-02-28 08:45:36 - LSH表数量     : 40
2025-02-28 08:45:36 - LSH表大小     : 20
2025-02-28 08:45:36 - Annoy 树数量  : 30
2025-02-28 08:45:36 - 是否存在查询   : dataset/15/15_1501.jpg
2025-02-28 08:45:36 - Step1. 开始进行数据加载
2025-02-28 08:45:36 - Step2. 开始进行特征提取
2025-02-28 08:45:45 - Step3. 开始进行 ICERAY · LSH 索引构建
2025-02-28 08:45:46 - Step4. 开始进行 Annoy-LSH 索引构建
2025-02-28 08:45:47 - Step5. 开始进行 ICERAY · System 评估
2025-02-28 08:45:47 - Step6. 开始进行 Annoy-LSH 评估
2025-02-28 08:45:47 - Custom LSH Rank@5 Accuracy: 0.2520
2025-02-28 08:45:47 - Annoy LSH Rank@5 Accuracy: 0.2700
2025-02-28 08:45:47 - Done!
2025-02-28 08:45:47 - Step7. 开始处理用户查询: dataset/15/15_1501.jpg
2025-02-28 08:45:47 - 成功检索到 10 张，由 ICERAY · LSH 索引进行相似图片
2025-02-28 08:45:47 - 自定义·检索到的文件名：['15_1501.jpg', '15_1591.jpg', '15_1587.jpg', '15_1582.jpg', '96_9632.jpg', '67_6705.jpg', '15_1521.jpg', '15_1553.jpg', '96_9604.jpg', '15_1536.jpg']
2025-02-28 08:45:52 - 成功检索到 10 张，由 Annoy · LSH 索引进行相似图片
2025-02-28 08:45:52 - Annoy·检索到的文件名：['15_1501.jpg', '15_1591.jpg', '15_1587.jpg', '15_1582.jpg', '96_9632.jpg', '67_6705.jpg', '96_9604.jpg', '15_1536.jpg', '96_9616.jpg', '15_1523.jpg']
