2025-02-26 17:12:15 - Step0. === Step0.=== 参数配置如下
2025-02-26 17:12:15 - DATASET_PATH : dataset/
2025-02-26 17:12:15 - 特征提取方法   : lbp
2025-02-26 17:12:15 - LSH表数量     : 20
2025-02-26 17:12:15 - LSH表大小     : 12
2025-02-26 17:12:15 - Annoy 树数量  : 10
2025-02-26 17:12:15 - 是否存在查询   : dataset/16/16_1628.jpg
2025-02-26 17:12:15 - Step1. 开始进行数据加载
2025-02-26 17:12:15 - Step2. 开始进行特征提取
2025-02-26 17:12:32 - Step3. 开始进行 ICERAY · LSH 索引构建
2025-02-26 17:12:33 - Step4. 开始进行 Annoy-LSH 索引构建
2025-02-26 17:12:33 - Step5. 开始进行 ICERAY · System 评估
2025-02-26 17:12:34 - Step6. 开始进行 Annoy-LSH 评估
2025-02-26 17:12:34 - Custom LSH Rank@5 Accuracy: 0.1140
2025-02-26 17:12:34 - Annoy LSH Rank@5 Accuracy: 0.1160
2025-02-26 17:12:34 - Done!
2025-02-26 17:12:34 - Step7. 开始处理用户查询: dataset/16/16_1628.jpg
2025-02-26 17:12:34 - 成功检索到 10 张，由 ICERAY · LSH 索引进行相似图片
2025-02-26 17:12:34 - 自定义·检索到的文件名：['16_1628.jpg', '9_915.jpg', '41_4199.jpg', '78_7818.jpg', '50_5035.jpg', '81_8117.jpg', '79_7955.jpg', '70_7071.jpg', '26_2688.jpg', '74_7456.jpg']
2025-02-26 17:12:50 - 成功检索到 10 张，由 Annoy · LSH 索引进行相似图片
2025-02-26 17:12:50 - Annoy·检索到的文件名：['16_1628.jpg', '9_915.jpg', '41_4199.jpg', '78_7818.jpg', '50_5035.jpg', '81_8117.jpg', '79_7955.jpg', '70_7071.jpg', '26_2688.jpg', '74_7456.jpg']
