2025-02-28 14:47:07 - Step0. === Step0.=== 参数配置如下
2025-02-28 14:47:07 - DATASET_PATH : dataset/
2025-02-28 14:47:07 - 特征提取方法   : hog_p
2025-02-28 14:47:07 - LSH表数量     : 40
2025-02-28 14:47:07 - LSH表大小     : 20
2025-02-28 14:47:07 - Annoy 树数量  : 30
2025-02-28 14:47:07 - 是否存在查询   : dataset/15/15_1506.jpg
2025-02-28 14:47:07 - Step1. 开始进行数据加载
2025-02-28 14:47:07 - Step2. 开始进行特征提取
2025-02-28 14:47:17 - Step3. 开始进行 ICERAY · LSH 索引构建
2025-02-28 14:47:18 - Step4. 开始进行 Annoy-LSH 索引构建
2025-02-28 14:47:19 - Step5. 开始进行 ICERAY · System 评估
2025-02-28 14:47:19 - Step6. 开始进行 Annoy-LSH 评估
2025-02-28 14:47:19 - Custom LSH Rank@5 Accuracy: 0.2160
2025-02-28 14:47:19 - Annoy LSH Rank@5 Accuracy: 0.2900
2025-02-28 14:47:19 - Done!
2025-02-28 14:47:19 - Step7. 开始处理用户查询: dataset/15/15_1506.jpg
2025-02-28 14:47:19 - 成功检索到 10 张，由 ICERAY · LSH 索引进行相似图片
2025-02-28 14:47:19 - 自定义·检索到的文件名：['15_1506.jpg', '15_1577.jpg', '15_1544.jpg', '33_3379.jpg', '15_1579.jpg', '15_1541.jpg', '15_1515.jpg', '15_1543.jpg', '15_1526.jpg', '15_1519.jpg']
2025-02-28 14:47:19 - 自定义·检索到的标签：['15', '15', '15', '33', '15', '15', '15', '15', '15', '15']
2025-02-28 14:47:19 - 自定义·命中率：90.00%
2025-02-28 14:47:25 - 成功检索到 10 张，由 Annoy · LSH 索引进行相似图片
2025-02-28 14:47:25 - Annoy·检索到的文件名：['15_1506.jpg', '15_1577.jpg', '15_1535.jpg', '15_1534.jpg', '15_1569.jpg', '15_1544.jpg', '15_1560.jpg', '20_2022.jpg', '33_3379.jpg', '15_1579.jpg']
2025-02-28 14:47:25 - Annoy·检索到的标签：['15', '15', '15', '15', '15', '15', '15', '20', '33', '15']
2025-02-28 14:47:25 - Annoy·命中率：80.00%
