2025-02-28 08:49:12 - Step0. === Step0.=== 参数配置如下
2025-02-28 08:49:12 - DATASET_PATH : dataset/
2025-02-28 08:49:12 - 特征提取方法   : hog_p
2025-02-28 08:49:12 - LSH表数量     : 40
2025-02-28 08:49:12 - LSH表大小     : 20
2025-02-28 08:49:12 - Annoy 树数量  : 30
2025-02-28 08:49:12 - 是否存在查询   : dataset/15/15_1501.jpg
2025-02-28 08:49:12 - Step1. 开始进行数据加载
2025-02-28 08:49:12 - Step2. 开始进行特征提取
2025-02-28 08:49:21 - Step3. 开始进行 ICERAY · LSH 索引构建
2025-02-28 08:49:23 - Step4. 开始进行 Annoy-LSH 索引构建
2025-02-28 08:49:23 - Step5. 开始进行 ICERAY · System 评估
2025-02-28 08:49:24 - Step6. 开始进行 Annoy-LSH 评估
2025-02-28 08:49:24 - Custom LSH Rank@5 Accuracy: 0.1520
2025-02-28 08:49:24 - Annoy LSH Rank@5 Accuracy: 0.1860
2025-02-28 08:49:24 - Done!
2025-02-28 08:49:24 - Step7. 开始处理用户查询: dataset/15/15_1501.jpg
2025-02-28 08:49:24 - 成功检索到 10 张，由 ICERAY · LSH 索引进行相似图片
2025-02-28 08:49:24 - 自定义·检索到的文件名：['15_1501.jpg', '15_1587.jpg', '96_9616.jpg', '95_9589.jpg', '96_9604.jpg', '15_1521.jpg', '96_9632.jpg', '15_1553.jpg', '80_8092.jpg', '15_1582.jpg']
2025-02-28 08:49:26 - 成功检索到 10 张，由 Annoy · LSH 索引进行相似图片
2025-02-28 08:49:26 - Annoy·检索到的文件名：['15_1501.jpg', '96_9616.jpg', '96_9604.jpg', '15_1521.jpg', '96_9632.jpg', '15_1553.jpg', '80_8092.jpg', '15_1582.jpg', '15_1523.jpg', '67_6705.jpg']
