2025-02-28 14:48:21 - Step0. === Step0.=== 参数配置如下
2025-02-28 14:48:21 - DATASET_PATH : dataset/
2025-02-28 14:48:21 - 特征提取方法   : hog_p
2025-02-28 14:48:21 - LSH表数量     : 40
2025-02-28 14:48:21 - LSH表大小     : 20
2025-02-28 14:48:21 - Annoy 树数量  : 30
2025-02-28 14:48:21 - 是否存在查询   : dataset/15/15_1599.jpg
2025-02-28 14:48:21 - Step1. 开始进行数据加载
2025-02-28 14:48:21 - Step2. 开始进行特征提取
2025-02-28 14:48:31 - Step3. 开始进行 ICERAY · LSH 索引构建
2025-02-28 14:48:33 - Step4. 开始进行 Annoy-LSH 索引构建
2025-02-28 14:48:33 - Step5. 开始进行 ICERAY · System 评估
2025-02-28 14:48:33 - Step6. 开始进行 Annoy-LSH 评估
2025-02-28 14:48:33 - Custom LSH Rank@5 Accuracy: 0.2160
2025-02-28 14:48:33 - Annoy LSH Rank@5 Accuracy: 0.2900
2025-02-28 14:48:33 - Done!
2025-02-28 14:48:33 - Step7. 开始处理用户查询: dataset/15/15_1599.jpg
2025-02-28 14:48:33 - 成功检索到 10 张，由 ICERAY · LSH 索引进行相似图片
2025-02-28 14:48:33 - 自定义·检索到的文件名：['15_1599.jpg', '15_1553.jpg', '33_3379.jpg', '20_2022.jpg', '15_1580.jpg', '39_3993.jpg', '15_1579.jpg', '15_1591.jpg', '15_1585.jpg', '20_2056.jpg']
2025-02-28 14:48:33 - 自定义·检索到的标签：['15', '15', '33', '20', '15', '39', '15', '15', '15', '20']
2025-02-28 14:48:33 - 自定义·命中率：60.00%
2025-02-28 14:48:40 - 成功检索到 10 张，由 Annoy · LSH 索引进行相似图片
2025-02-28 14:48:40 - Annoy·检索到的文件名：['15_1599.jpg', '33_3379.jpg', '20_2022.jpg', '15_1580.jpg', '15_1560.jpg', '15_1594.jpg', '39_3993.jpg', '15_1579.jpg', '15_1585.jpg', '20_2056.jpg']
2025-02-28 14:48:40 - Annoy·检索到的标签：['15', '33', '20', '15', '15', '15', '39', '15', '15', '20']
2025-02-28 14:48:40 - Annoy·命中率：60.00%
