2025-02-27 11:25:39 - Step0. === Step0.=== 参数配置如下
2025-02-27 11:25:39 - DATASET_PATH : dataset/
2025-02-27 11:25:39 - 特征提取方法   : hog_p
2025-02-27 11:25:39 - LSH表数量     : 40
2025-02-27 11:25:39 - LSH表大小     : 20
2025-02-27 11:25:39 - Annoy 树数量  : 20
2025-02-27 11:25:39 - 是否存在查询   : dataset/15/15_1501.jpg
2025-02-27 11:25:39 - Step1. 开始进行数据加载
2025-02-27 11:25:39 - Step2. 开始进行特征提取
2025-02-27 11:26:00 - Step3. 开始进行 ICERAY · LSH 索引构建
2025-02-27 11:26:16 - Step4. 开始进行 Annoy-LSH 索引构建
2025-02-27 11:26:33 - Step5. 开始进行 ICERAY · System 评估
2025-02-27 11:26:34 - Step6. 开始进行 Annoy-LSH 评估
2025-02-27 11:26:59 - Custom LSH Rank@5 Accuracy: 0.0760
2025-02-27 11:26:59 - Annoy LSH Rank@5 Accuracy: 0.2600
2025-02-27 11:26:59 - Done!
2025-02-27 11:26:59 - Step7. 开始处理用户查询: dataset/15/15_1501.jpg
2025-02-27 11:26:59 - 成功检索到 10 张，由 ICERAY · LSH 索引进行相似图片
2025-02-27 11:26:59 - 自定义·检索到的文件名：['15_1501.jpg', '87_8793.jpg', '3_316.jpg', '59_5945.jpg', '84_8419.jpg', '5_542.jpg', '20_2085.jpg', '78_7890.jpg', '26_2672.jpg', '82_8274.jpg']
2025-02-27 11:27:05 - 成功检索到 10 张，由 Annoy · LSH 索引进行相似图片
2025-02-27 11:27:05 - Annoy·检索到的文件名：['15_1501.jpg', '15_1585.jpg', '96_9604.jpg', '15_1543.jpg', '96_9663.jpg', '15_1502.jpg', '15_1579.jpg', '15_1553.jpg', '15_1523.jpg', '15_1522.jpg']
