2025-02-27 11:00:59 - Step0. === Step0.=== 参数配置如下
2025-02-27 11:00:59 - DATASET_PATH : dataset/
2025-02-27 11:00:59 - 特征提取方法   : hog
2025-02-27 11:00:59 - LSH表数量     : 40
2025-02-27 11:00:59 - LSH表大小     : 20
2025-02-27 11:00:59 - Annoy 树数量  : 20
2025-02-27 11:00:59 - 是否存在查询   : dataset/15/15_1501.jpg
2025-02-27 11:00:59 - Step1. 开始进行数据加载
2025-02-27 11:00:59 - Step2. 开始进行特征提取
2025-02-27 11:01:12 - Step3. 开始进行 ICERAY · LSH 索引构建
2025-02-27 11:01:15 - Step4. 开始进行 Annoy-LSH 索引构建
2025-02-27 11:01:17 - Step5. 开始进行 ICERAY · System 评估
2025-02-27 11:01:18 - Step6. 开始进行 Annoy-LSH 评估
2025-02-27 11:01:18 - Custom LSH Rank@5 Accuracy: 0.0040
2025-02-27 11:01:18 - Annoy LSH Rank@5 Accuracy: 0.1840
2025-02-27 11:01:18 - Done!
2025-02-27 11:01:18 - Step7. 开始处理用户查询: dataset/15/15_1501.jpg
2025-02-27 11:01:18 - 成功检索到 10 张，由 ICERAY · LSH 索引进行相似图片
2025-02-27 11:01:18 - 自定义·检索到的文件名：['25_2585.jpg', '46_4632.jpg', '6_700.jpg', '33_3394.jpg', '94_9415.jpg', '58_5837.jpg', '68_6865.jpg', '39_3989.jpg', '28_2864.jpg', '64_6454.jpg']
2025-02-27 11:01:24 - 成功检索到 10 张，由 Annoy · LSH 索引进行相似图片
2025-02-27 11:01:24 - Annoy·检索到的文件名：['15_1501.jpg', '96_9664.jpg', '62_6261.jpg', '96_9604.jpg', '96_9663.jpg', '35_3568.jpg', '60_6045.jpg', '71_7129.jpg', '80_8018.jpg', '77_7718.jpg']
