2025-02-26 16:00:09 - Step0. === Step0.=== 参数配置如下
2025-02-26 16:00:09 - DATASET_PATH : dataset/
2025-02-26 16:00:09 - 特征提取方法   : lbp
2025-02-26 16:00:09 - LSH表数量     : 20
2025-02-26 16:00:09 - LSH表大小     : 12
2025-02-26 16:00:09 - Annoy 树数量  : 10
2025-02-26 16:00:09 - 是否存在查询   : dataset/5/5_512.jpg
2025-02-26 16:00:09 - Step1. 开始进行数据加载
2025-02-26 16:00:09 - Step2. 开始进行特征提取
2025-02-26 16:00:26 - Step3. 开始进行 ICERAY · LSH 索引构建
2025-02-26 16:00:26 - Step4. 开始进行 Annoy-LSH 索引构建
2025-02-26 16:00:26 - Step5. 开始进行 ICERAY · System 评估
2025-02-26 16:00:28 - Step6. 开始进行 Annoy-LSH 评估
2025-02-26 16:00:28 - Custom LSH Rank@5 Accuracy: 0.1140
2025-02-26 16:00:28 - Annoy LSH Rank@5 Accuracy: 0.1060
2025-02-26 16:00:28 - Done!
2025-02-26 16:00:28 - Step7. 开始处理用户查询: dataset/5/5_512.jpg
2025-02-26 16:00:28 - 成功检索到 10 张，由 ICERAY · LSH 索引进行相似图片
2025-02-26 16:00:28 - 自定义·检索到的文件名：['5_512.jpg', '10_1050.jpg', '71_7104.jpg', '11_1180.jpg', '49_4977.jpg', '13_1381.jpg', '49_4986.jpg', '59_5978.jpg', '28_2832.jpg', '26_2614.jpg']
2025-02-26 16:00:55 - 成功检索到 10 张，由 Annoy · LSH 索引进行相似图片
2025-02-26 16:00:55 - Annoy·检索到的文件名：['5_512.jpg', '10_1050.jpg', '71_7104.jpg', '13_1381.jpg', '49_4986.jpg', '2_246.jpg', '11_1155.jpg', '74_7437.jpg', '0_15.jpg', '78_7877.jpg']
