2025-02-28 08:16:25 - Step0. === Step0.=== 参数配置如下
2025-02-28 08:16:25 - DATASET_PATH : dataset/
2025-02-28 08:16:25 - 特征提取方法   : hog_p
2025-02-28 08:16:25 - LSH表数量     : 40
2025-02-28 08:16:25 - LSH表大小     : 20
2025-02-28 08:16:25 - Annoy 树数量  : 10
2025-02-28 08:16:25 - 是否存在查询   : dataset/15/15_1501.jpg
2025-02-28 08:16:25 - Step1. 开始进行数据加载
2025-02-28 08:16:25 - Step2. 开始进行特征提取
2025-02-28 08:16:35 - Step3. 开始进行 ICERAY · LSH 索引构建
2025-02-28 08:16:38 - Step4. 开始进行 Annoy-LSH 索引构建
2025-02-28 08:16:39 - Step5. 开始进行 ICERAY · System 评估
2025-02-28 08:16:40 - Step6. 开始进行 Annoy-LSH 评估
2025-02-28 08:16:40 - Custom LSH Rank@5 Accuracy: 0.1720
2025-02-28 08:16:40 - Annoy LSH Rank@5 Accuracy: 0.2000
2025-02-28 08:16:40 - Done!
2025-02-28 08:16:40 - Step7. 开始处理用户查询: dataset/15/15_1501.jpg
2025-02-28 08:16:40 - 成功检索到 10 张，由 ICERAY · LSH 索引进行相似图片
2025-02-28 08:16:40 - 自定义·检索到的文件名：['15_1501.jpg', '96_9604.jpg', '96_9632.jpg', '96_9616.jpg', '15_1591.jpg', '67_6705.jpg', '96_9606.jpg', '67_6732.jpg', '35_3520.jpg', '63_6395.jpg']
2025-02-28 08:16:44 - 成功检索到 10 张，由 Annoy · LSH 索引进行相似图片
2025-02-28 08:16:44 - Annoy·检索到的文件名：['15_1501.jpg', '96_9604.jpg', '96_9632.jpg', '96_9616.jpg', '15_1591.jpg', '67_6705.jpg', '15_1582.jpg', '96_9664.jpg', '96_9606.jpg', '67_6732.jpg']
