2025-02-28 13:49:49 - Step0. === Step0.=== 参数配置如下
2025-02-28 13:49:49 - DATASET_PATH : dataset/
2025-02-28 13:49:49 - 特征提取方法   : hog_p
2025-02-28 13:49:49 - LSH表数量     : 40
2025-02-28 13:49:49 - LSH表大小     : 20
2025-02-28 13:49:49 - Annoy 树数量  : 30
2025-02-28 13:49:49 - 是否存在查询   : dataset/18/18_1801.jpg
2025-02-28 13:49:49 - Step1. 开始进行数据加载
2025-02-28 13:49:49 - Step2. 开始进行特征提取
2025-02-28 13:49:58 - Step3. 开始进行 ICERAY · LSH 索引构建
2025-02-28 13:50:00 - Step4. 开始进行 Annoy-LSH 索引构建
2025-02-28 13:50:01 - Step5. 开始进行 ICERAY · System 评估
2025-02-28 13:50:01 - Step6. 开始进行 Annoy-LSH 评估
2025-02-28 13:50:01 - Custom LSH Rank@5 Accuracy: 0.1740
2025-02-28 13:50:01 - Annoy LSH Rank@5 Accuracy: 0.1840
2025-02-28 13:50:01 - Done!
2025-02-28 13:50:01 - Step7. 开始处理用户查询: dataset/18/18_1801.jpg
2025-02-28 13:50:01 - 成功检索到 10 张，由 ICERAY · LSH 索引进行相似图片
2025-02-28 13:50:01 - 自定义·检索到的文件名：['18_1801.jpg', '18_1898.jpg', '18_1888.jpg', '18_1877.jpg', '18_1836.jpg', '18_1839.jpg', '75_7537.jpg', '75_7560.jpg', '18_1886.jpg', '75_7543.jpg']
2025-02-28 13:50:01 - 自定义·检索到的标签：['18', '18', '18', '18', '18', '18', '75', '75', '18', '75']
2025-02-28 13:50:01 - 自定义·命中率：70.00%
2025-02-28 13:50:07 - 成功检索到 10 张，由 Annoy · LSH 索引进行相似图片
2025-02-28 13:50:07 - Annoy·检索到的文件名：['18_1801.jpg', '18_1898.jpg', '18_1857.jpg', '18_1888.jpg', '18_1835.jpg', '18_1877.jpg', '18_1805.jpg', '18_1879.jpg', '18_1836.jpg', '18_1839.jpg']
2025-02-28 13:50:07 - Annoy·检索到的标签：['18', '18', '18', '18', '18', '18', '18', '18', '18', '18']
2025-02-28 13:50:07 - Annoy·命中率：100.00%
