2025-02-28 08:43:53 - Step0. === Step0.=== 参数配置如下
2025-02-28 08:43:53 - DATASET_PATH : dataset/
2025-02-28 08:43:53 - 特征提取方法   : hog_p
2025-02-28 08:43:53 - LSH表数量     : 40
2025-02-28 08:43:53 - LSH表大小     : 20
2025-02-28 08:43:53 - Annoy 树数量  : 30
2025-02-28 08:43:53 - 是否存在查询   : dataset/15/15_1501.jpg
2025-02-28 08:43:53 - Step1. 开始进行数据加载
2025-02-28 08:43:53 - Step2. 开始进行特征提取
2025-02-28 08:44:01 - Step3. 开始进行 ICERAY · LSH 索引构建
2025-02-28 08:44:03 - Step4. 开始进行 Annoy-LSH 索引构建
2025-02-28 08:44:03 - Step5. 开始进行 ICERAY · System 评估
2025-02-28 08:44:03 - Step6. 开始进行 Annoy-LSH 评估
2025-02-28 08:44:03 - Custom LSH Rank@5 Accuracy: 0.2000
2025-02-28 08:44:03 - Annoy LSH Rank@5 Accuracy: 0.2000
2025-02-28 08:44:03 - Done!
2025-02-28 08:44:03 - Step7. 开始处理用户查询: dataset/15/15_1501.jpg
2025-02-28 08:44:03 - 成功检索到 10 张，由 ICERAY · LSH 索引进行相似图片
2025-02-28 08:44:03 - 自定义·检索到的文件名：['15_1501.jpg', '96_9632.jpg', '96_9615.jpg', '96_9616.jpg', '96_9604.jpg', '96_9664.jpg', '96_9606.jpg', '67_6705.jpg', '88_8897.jpg', '35_3599.jpg']
2025-02-28 08:44:05 - 成功检索到 10 张，由 Annoy · LSH 索引进行相似图片
2025-02-28 08:44:05 - Annoy·检索到的文件名：['15_1501.jpg', '96_9632.jpg', '15_1591.jpg', '26_2637.jpg', '51_5150.jpg', '4_427.jpg', '63_6363.jpg', '72_7205.jpg', '78_7850.jpg', '11_1139.jpg']
