2025-02-26 15:51:24 - Step0. === Step0.=== 参数配置如下
2025-02-26 15:51:24 - DATASET_PATH : dataset/
2025-02-26 15:51:24 - 特征提取方法   : hog
2025-02-26 15:51:24 - LSH表数量     : 20
2025-02-26 15:51:24 - LSH表大小     : 12
2025-02-26 15:51:24 - Annoy 树数量  : 10
2025-02-26 15:51:24 - 是否存在查询   : dataset/56/56_5691.jpg
2025-02-26 15:51:24 - Step1. 开始进行数据加载
2025-02-26 15:51:24 - Step2. 开始进行特征提取
2025-02-26 15:51:35 - Step3. 开始进行 ICERAY · LSH 索引构建
2025-02-26 15:51:36 - Step4. 开始进行 Annoy-LSH 索引构建
2025-02-26 15:51:37 - Step5. 开始进行 ICERAY · System 评估
2025-02-26 15:51:41 - Step6. 开始进行 Annoy-LSH 评估
2025-02-26 15:51:41 - Custom LSH Rank@5 Accuracy: 0.2100
2025-02-26 15:51:41 - Annoy LSH Rank@5 Accuracy: 0.2260
2025-02-26 15:51:41 - Done!
2025-02-26 15:51:41 - Step7. 开始处理用户查询: dataset/56/56_5691.jpg
2025-02-26 15:51:41 - 成功检索到 10 张，由 ICERAY · LSH 索引进行相似图片
2025-02-26 15:51:41 - 自定义·检索到的文件名：['56_5691.jpg', '56_5616.jpg', '62_6205.jpg', '37_3772.jpg', '96_9609.jpg', '33_3326.jpg', '56_5661.jpg', '56_5649.jpg', '62_6266.jpg', '37_3722.jpg']
2025-02-26 15:52:03 - 成功检索到 10 张，由 Annoy · LSH 索引进行相似图片
2025-02-26 15:52:03 - Annoy·检索到的文件名：['56_5691.jpg', '56_5642.jpg', '56_5602.jpg', '56_5608.jpg', '56_5639.jpg', '56_5616.jpg', '98_9805.jpg', '56_5696.jpg', '89_8941.jpg', '62_6205.jpg']
