2025-02-27 11:01:52 - Step0. === Step0.=== 参数配置如下
2025-02-27 11:01:52 - DATASET_PATH : dataset/
2025-02-27 11:01:52 - 特征提取方法   : hog
2025-02-27 11:01:52 - LSH表数量     : 40
2025-02-27 11:01:52 - LSH表大小     : 20
2025-02-27 11:01:52 - Annoy 树数量  : 20
2025-02-27 11:01:52 - 是否存在查询   : dataset/15/15_1501.jpg
2025-02-27 11:01:52 - Step1. 开始进行数据加载
2025-02-27 11:01:52 - Step2. 开始进行特征提取
2025-02-27 11:02:03 - Step3. 开始进行 ICERAY · LSH 索引构建
2025-02-27 11:02:06 - Step4. 开始进行 Annoy-LSH 索引构建
2025-02-27 11:02:08 - Step5. 开始进行 ICERAY · System 评估
2025-02-27 11:02:09 - Step6. 开始进行 Annoy-LSH 评估
2025-02-27 11:02:09 - Custom LSH Rank@5 Accuracy: 0.1660
2025-02-27 11:02:09 - Annoy LSH Rank@5 Accuracy: 0.2320
2025-02-27 11:02:09 - Done!
2025-02-27 11:02:09 - Step7. 开始处理用户查询: dataset/15/15_1501.jpg
2025-02-27 11:02:09 - 成功检索到 10 张，由 ICERAY · LSH 索引进行相似图片
2025-02-27 11:02:09 - 自定义·检索到的文件名：['15_1501.jpg', '62_6261.jpg', '35_3568.jpg', '71_7129.jpg', '80_8018.jpg', '77_7718.jpg', '96_9616.jpg', '80_8007.jpg', '96_9615.jpg', '60_6026.jpg']
2025-02-27 11:02:11 - 成功检索到 10 张，由 Annoy · LSH 索引进行相似图片
2025-02-27 11:02:11 - Annoy·检索到的文件名：['15_1501.jpg', '96_9664.jpg', '62_6261.jpg', '96_9604.jpg', '96_9663.jpg', '35_3568.jpg', '60_6045.jpg', '71_7129.jpg', '80_8018.jpg', '77_7718.jpg']
