2025-02-28 14:56:01 - Step0. === Step0.=== 参数配置如下
2025-02-28 14:56:01 - DATASET_PATH : dataset/
2025-02-28 14:56:01 - 特征提取方法   : hog_p
2025-02-28 14:56:01 - LSH表数量     : 40
2025-02-28 14:56:01 - LSH表大小     : 20
2025-02-28 14:56:01 - Annoy 树数量  : 30
2025-02-28 14:56:01 - 是否存在查询   : dataset/15/15_1567.jpg
2025-02-28 14:56:01 - Step1. 开始进行数据加载
2025-02-28 14:56:01 - Step2. 开始进行特征提取
2025-02-28 14:56:10 - Step3. 开始进行 ICERAY · LSH 索引构建
2025-02-28 14:56:11 - Step4. 开始进行 Annoy-LSH 索引构建
2025-02-28 14:56:12 - Step5. 开始进行 ICERAY · System 评估
2025-02-28 14:56:12 - Step6. 开始进行 Annoy-LSH 评估
2025-02-28 14:56:12 - Custom LSH Rank@5 Accuracy: 0.2160
2025-02-28 14:56:12 - Annoy LSH Rank@5 Accuracy: 0.2900
2025-02-28 14:56:12 - Done!
2025-02-28 14:56:12 - Step7. 开始处理用户查询: dataset/15/15_1567.jpg
2025-02-28 14:56:12 - 成功检索到 20 张，由 ICERAY · LSH 索引进行相似图片
2025-02-28 14:56:12 - 自定义·检索到的文件名：['15_1567.jpg', '15_1518.jpg', '15_1528.jpg', '15_1581.jpg', '15_1577.jpg', '15_1588.jpg', '20_2018.jpg', '15_1590.jpg', '15_1501.jpg', '15_1534.jpg', '23_2360.jpg', '15_1509.jpg', '15_1544.jpg', '15_1578.jpg', '15_1521.jpg', '15_1506.jpg', '63_6395.jpg', '96_9668.jpg', '67_6705.jpg', '15_1515.jpg']
2025-02-28 14:56:12 - 自定义·检索到的标签：['15', '15', '15', '15', '15', '15', '20', '15', '15', '15', '23', '15', '15', '15', '15', '15', '63', '96', '67', '15']
2025-02-28 14:56:12 - 自定义·命中率：75.00%
2025-02-28 14:56:25 - 成功检索到 20 张，由 Annoy · LSH 索引进行相似图片
2025-02-28 14:56:25 - Annoy·检索到的文件名：['15_1567.jpg', '15_1518.jpg', '15_1528.jpg', '15_1560.jpg', '15_1581.jpg', '15_1598.jpg', '15_1579.jpg', '15_1577.jpg', '15_1588.jpg', '20_2018.jpg', '15_1590.jpg', '15_1520.jpg', '15_1558.jpg', '15_1501.jpg', '15_1591.jpg', '20_2090.jpg', '23_2382.jpg', '23_2360.jpg', '15_1523.jpg', '15_1593.jpg']
2025-02-28 14:56:25 - Annoy·检索到的标签：['15', '15', '15', '15', '15', '15', '15', '15', '15', '20', '15', '15', '15', '15', '15', '20', '23', '23', '15', '15']
2025-02-28 14:56:25 - Annoy·命中率：80.00%
