2025-02-28 08:22:28 - Step0. === Step0.=== 参数配置如下
2025-02-28 08:22:28 - DATASET_PATH : dataset/
2025-02-28 08:22:28 - 特征提取方法   : hog_p
2025-02-28 08:22:28 - LSH表数量     : 20
2025-02-28 08:22:28 - LSH表大小     : 30
2025-02-28 08:22:28 - Annoy 树数量  : 10
2025-02-28 08:22:28 - 是否存在查询   : dataset/15/15_1501.jpg
2025-02-28 08:22:28 - Step1. 开始进行数据加载
2025-02-28 08:22:28 - Step2. 开始进行特征提取
2025-02-28 08:22:39 - Step3. 开始进行 ICERAY · LSH 索引构建
2025-02-28 08:22:40 - Step4. 开始进行 Annoy-LSH 索引构建
2025-02-28 08:22:41 - Step5. 开始进行 ICERAY · System 评估
2025-02-28 08:22:42 - Step6. 开始进行 Annoy-LSH 评估
2025-02-28 08:22:42 - Custom LSH Rank@5 Accuracy: 0.0500
2025-02-28 08:22:42 - Annoy LSH Rank@5 Accuracy: 0.2020
2025-02-28 08:22:42 - Done!
2025-02-28 08:22:42 - Step7. 开始处理用户查询: dataset/15/15_1501.jpg
2025-02-28 08:22:42 - 成功检索到 10 张，由 ICERAY · LSH 索引进行相似图片
2025-02-28 08:22:42 - 自定义·检索到的文件名：['15_1501.jpg', '67_6798.jpg', '77_7786.jpg', '60_6037.jpg', '3_397.jpg', '40_4066.jpg', '63_6325.jpg', '77_7728.jpg', '2_214.jpg', '99_9976.jpg']
2025-02-28 08:22:47 - 成功检索到 10 张，由 Annoy · LSH 索引进行相似图片
2025-02-28 08:22:47 - Annoy·检索到的文件名：['15_1501.jpg', '96_9604.jpg', '96_9632.jpg', '96_9616.jpg', '15_1591.jpg', '67_6705.jpg', '15_1582.jpg', '96_9664.jpg', '96_9606.jpg', '67_6732.jpg']
