2025-03-10 21:50:39 - Step0. === Step0.=== 参数配置如下
2025-03-10 21:50:39 - DATASET_PATH : dataset/
2025-03-10 21:50:39 - 特征提取方法   : hog_p
2025-03-10 21:50:39 - LSH表数量     : 40
2025-03-10 21:50:39 - LSH表大小     : 20
2025-03-10 21:50:39 - Annoy 树数量  : 30
2025-03-10 21:50:39 - 是否存在查询   : dataset/15/15_1501.jpg
2025-03-10 21:50:39 - Step1. 开始进行数据加载
2025-03-10 21:50:39 - Step2. 开始进行特征提取
2025-03-10 21:50:55 - Step3. 开始进行 ICERAY · LSH 索引构建
2025-03-10 21:50:58 - Step4. 开始进行 Annoy-LSH 索引构建
2025-03-10 21:50:58 - Step5. 开始进行 ICERAY · System 评估
2025-03-10 21:51:01 - Step6. 开始进行 Annoy-LSH 评估
2025-03-10 21:51:01 - Custom LSH Rank@5 Accuracy: 0.2160
2025-03-10 21:51:01 - Annoy LSH Rank@5 Accuracy: 0.2900
2025-03-10 21:51:01 - Done!
2025-03-10 21:51:01 - Step7. 开始处理用户查询: dataset/15/15_1501.jpg
2025-03-10 21:51:01 - 成功检索到 15 张，由 ICERAY · LSH 索引进行相似图片
2025-03-10 21:51:01 - 自定义·检索到的文件名：['15_1501.jpg', '15_1591.jpg', '15_1587.jpg', '15_1521.jpg', '15_1536.jpg', '96_9632.jpg', '15_1553.jpg', '67_6705.jpg', '96_9604.jpg', '96_9616.jpg', '51_5150.jpg', '15_1543.jpg', '96_9615.jpg', '15_1589.jpg', '63_6367.jpg']
2025-03-10 21:51:01 - 自定义·检索到的标签：['15', '15', '15', '15', '15', '96', '15', '67', '96', '96', '51', '15', '96', '15', '63']
2025-03-10 21:51:01 - 自定义·命中率：53.33%
2025-03-10 21:51:23 - 成功检索到 15 张，由 Annoy · LSH 索引进行相似图片
2025-03-10 21:51:23 - Annoy·检索到的文件名：['15_1501.jpg', '15_1591.jpg', '15_1587.jpg', '15_1521.jpg', '15_1536.jpg', '15_1579.jpg', '15_1582.jpg', '96_9632.jpg', '15_1553.jpg', '67_6705.jpg', '96_9604.jpg', '15_1523.jpg', '15_1577.jpg', '51_5150.jpg', '63_6337.jpg']
2025-03-10 21:51:23 - Annoy·检索到的标签：['15', '15', '15', '15', '15', '15', '15', '96', '15', '67', '96', '15', '15', '51', '63']
2025-03-10 21:51:23 - Annoy·命中率：66.67%
